# JRE version: OpenJDK Runtime Environment Temurin-17.0.10+7 (17.0.10+7) (build 17.0.10+7)
# Java VM: OpenJDK 64-Bit Server VM Temurin-17.0.10+7 (17.0.10+7, mixed mode, emulated-client, tiered, compressed oops, compressed class ptrs, g1 gc, windows-amd64)
GC Precious Log:
 CPUs: 12 total, 12 available
 Memory: 11695M
 Large Page Support: Disabled
 NUMA Support: Disabled
 Compressed Oops: Enabled (32-bit)
 Heap Region Size: 1M
 Heap Min Capacity: 8M
 Heap Initial Capacity: 184M
 Heap Max Capacity: 1G
 Pre-touch: Disabled
 Parallel Workers: 10
 Concurrent Workers: 3
 Concurrent Refinement Workers: 10
 Periodic GC: Disabled
Heap:
 garbage-first heap   total 130048K, used 37984K [0x00000000c0000000, 0x0000000100000000)
  region size 1024K, 1 young (1024K), 0 survivors (0K)
 Metaspace       used 60431K, committed 60928K, reserved 1114112K
  class space    used 7566K, committed 7744K, reserved 1048576K
GC Heap History (20 events):
Event: 9490.416 GC heap before
{Heap before GC invocations=933 (full 888):
 garbage-first heap   total 130048K, used 37984K [0x00000000c0000000, 0x0000000100000000)
  region size 1024K, 1 young (1024K), 0 survivors (0K)
 Metaspace       used 60431K, committed 60928K, reserved 1114112K
  class space    used 7566K, committed 7744K, reserved 1048576K
}
Event: 9490.441 GC heap after
{Heap after GC invocations=934 (full 889):
 garbage-first heap   total 130048K, used 37984K [0x00000000c0000000, 0x0000000100000000)
  region size 1024K, 0 young (0K), 0 survivors (0K)
 Metaspace       used 60431K, committed 60928K, reserved 1114112K
  class space    used 7566K, committed 7744K, reserved 1048576K
}
Event: 9500.646 GC heap before
{Heap before GC invocations=934 (full 889):
 garbage-first heap   total 130048K, used 37984K [0x00000000c0000000, 0x0000000100000000)
  region size 1024K, 1 young (1024K), 0 survivors (0K)
 Metaspace       used 60431K, committed 60928K, reserved 1114112K
  class space    used 7566K, committed 7744K, reserved 1048576K
}
Event: 9500.683 GC heap after
{Heap after GC invocations=935 (full 890):
 garbage-first heap   total 130048K, used 37984K [0x00000000c0000000, 0x0000000100000000)
  region size 1024K, 0 young (0K), 0 survivors (0K)
 Metaspace       used 60431K, committed 60928K, reserved 1114112K
  class space    used 7566K, committed 7744K, reserved 1048576K
}
Event: 9510.907 GC heap before
{Heap before GC invocations=935 (full 890):
 garbage-first heap   total 130048K, used 37984K [0x00000000c0000000, 0x0000000100000000)
  region size 1024K, 1 young (1024K), 0 survivors (0K)
 Metaspace       used 60431K, committed 60928K, reserved 1114112K
  class space    used 7566K, committed 7744K, reserved 1048576K
}
Event: 9510.949 GC heap after
{Heap after GC invocations=936 (full 891):
 garbage-first heap   total 130048K, used 37984K [0x00000000c0000000, 0x0000000100000000)
  region size 1024K, 0 young (0K), 0 survivors (0K)
 Metaspace       used 60431K, committed 60928K, reserved 1114112K
  class space    used 7566K, committed 7744K, reserved 1048576K
}
Event: 9521.124 GC heap before
{Heap before GC invocations=936 (full 891):
 garbage-first heap   total 130048K, used 37984K [0x00000000c0000000, 0x0000000100000000)
  region size 1024K, 1 young (1024K), 0 survivors (0K)
 Metaspace       used 60431K, committed 60928K, reserved 1114112K
  class space    used 7566K, committed 7744K, reserved 1048576K
}
Event: 9521.150 GC heap after
{Heap after GC invocations=937 (full 892):
 garbage-first heap   total 130048K, used 37984K [0x00000000c0000000, 0x0000000100000000)
  region size 1024K, 0 young (0K), 0 survivors (0K)
 Metaspace       used 60431K, committed 60928K, reserved 1114112K
  class space    used 7566K, committed 7744K, reserved 1048576K
}
Event: 9531.304 GC heap before
{Heap before GC invocations=937 (full 892):
 garbage-first heap   total 130048K, used 37984K [0x00000000c0000000, 0x0000000100000000)
  region size 1024K, 1 young (1024K), 0 survivors (0K)
 Metaspace       used 60431K, committed 60928K, reserved 1114112K
  class space    used 7566K, committed 7744K, reserved 1048576K
}
Event: 9531.329 GC heap after
{Heap after GC invocations=938 (full 893):
 garbage-first heap   total 130048K, used 37984K [0x00000000c0000000, 0x0000000100000000)
  region size 1024K, 0 young (0K), 0 survivors (0K)
 Metaspace       used 60431K, committed 60928K, reserved 1114112K
  class space    used 7566K, committed 7744K, reserved 1048576K
}
Event: 9541.507 GC heap before
{Heap before GC invocations=938 (full 893):
 garbage-first heap   total 130048K, used 37984K [0x00000000c0000000, 0x0000000100000000)
  region size 1024K, 1 young (1024K), 0 survivors (0K)
 Metaspace       used 60431K, committed 60928K, reserved 1114112K
  class space    used 7566K, committed 7744K, reserved 1048576K
}
Event: 9541.542 GC heap after
{Heap after GC invocations=939 (full 894):
 garbage-first heap   total 130048K, used 37984K [0x00000000c0000000, 0x0000000100000000)
  region size 1024K, 0 young (0K), 0 survivors (0K)
 Metaspace       used 60431K, committed 60928K, reserved 1114112K
  class space    used 7566K, committed 7744K, reserved 1048576K
}
Event: 9551.727 GC heap before
{Heap before GC invocations=939 (full 894):
 garbage-first heap   total 130048K, used 37984K [0x00000000c0000000, 0x0000000100000000)
  region size 1024K, 1 young (1024K), 0 survivors (0K)
 Metaspace       used 60431K, committed 60928K, reserved 1114112K
  class space    used 7566K, committed 7744K, reserved 1048576K
}
Event: 9551.755 GC heap after
{Heap after GC invocations=940 (full 895):
 garbage-first heap   total 130048K, used 37984K [0x00000000c0000000, 0x0000000100000000)
  region size 1024K, 0 young (0K), 0 survivors (0K)
 Metaspace       used 60431K, committed 60928K, reserved 1114112K
  class space    used 7566K, committed 7744K, reserved 1048576K
}
Event: 9562.163 GC heap before
{Heap before GC invocations=940 (full 895):
 garbage-first heap   total 130048K, used 37984K [0x00000000c0000000, 0x0000000100000000)
  region size 1024K, 1 young (1024K), 0 survivors (0K)
 Metaspace       used 60431K, committed 60928K, reserved 1114112K
  class space    used 7566K, committed 7744K, reserved 1048576K
}
Event: 9562.223 GC heap after
{Heap after GC invocations=941 (full 896):
 garbage-first heap   total 130048K, used 37984K [0x00000000c0000000, 0x0000000100000000)
  region size 1024K, 0 young (0K), 0 survivors (0K)
 Metaspace       used 60431K, committed 60928K, reserved 1114112K
  class space    used 7566K, committed 7744K, reserved 1048576K
}
Event: 9572.765 GC heap before
{Heap before GC invocations=941 (full 896):
 garbage-first heap   total 130048K, used 37984K [0x00000000c0000000, 0x0000000100000000)
  region size 1024K, 1 young (1024K), 0 survivors (0K)
 Metaspace       used 60431K, committed 60928K, reserved 1114112K
  class space    used 7566K, committed 7744K, reserved 1048576K
}
Event: 9572.841 GC heap after
{Heap after GC invocations=942 (full 897):
 garbage-first heap   total 130048K, used 37984K [0x00000000c0000000, 0x0000000100000000)
  region size 1024K, 0 young (0K), 0 survivors (0K)
 Metaspace       used 60431K, committed 60928K, reserved 1114112K
  class space    used 7566K, committed 7744K, reserved 1048576K
}
Event: 9583.107 GC heap before
{Heap before GC invocations=942 (full 897):
 garbage-first heap   total 130048K, used 37984K [0x00000000c0000000, 0x0000000100000000)
  region size 1024K, 1 young (1024K), 0 survivors (0K)
 Metaspace       used 60431K, committed 60928K, reserved 1114112K
  class space    used 7566K, committed 7744K, reserved 1048576K
}
Event: 9583.147 GC heap after
{Heap after GC invocations=943 (full 898):
 garbage-first heap   total 130048K, used 37984K [0x00000000c0000000, 0x0000000100000000)
  region size 1024K, 0 young (0K), 0 survivors (0K)
 Metaspace       used 60431K, committed 60928K, reserved 1114112K
  class space    used 7566K, committed 7744K, reserved 1048576K
}

